<?xml version="1.0" encoding="UTF-8"?>
<!-- Generated by org.testng.reporters.JUnitReportReporter -->
<testsuite hostname="DESKTOP-92RCTKU" name="PracticePack.testTestNG" tests="3" failures="0" timestamp="22 Sep 2019 08:55:24 GMT" time="0.016" errors="0">
  <testcase name="home" time="0.000" classname="PracticePack.testTestNG"/>
  <testcase name="register" time="0.016" classname="PracticePack.testTestNG"/>
  <testcase name="login" time="0.000" classname="PracticePack.testTestNG"/>
</testsuite> <!-- PracticePack.testTestNG -->
