<?xml version="1.0" encoding="UTF-8"?>
<!-- Generated by org.testng.reporters.JUnitReportReporter -->
<testsuite hostname="DESKTOP-92RCTKU" name="PracticePack.testTestNG2" tests="3" failures="0" timestamp="22 Sep 2019 08:55:24 GMT" time="0.000" errors="0">
  <testcase name="login1" time="0.000" classname="PracticePack.testTestNG2"/>
  <testcase name="home1" time="0.000" classname="PracticePack.testTestNG2"/>
  <testcase name="register1" time="0.000" classname="PracticePack.testTestNG2"/>
</testsuite> <!-- PracticePack.testTestNG2 -->
